<component name="libraryTable">
  <library name="junit">
    <CLASSES>
      <root url="file://$PROJECT_DIR$/../../maven/apache-maven-3.8.5-bin/apache-maven-3.8.5/conf/localRepository/zgy/junit" />
    </CLASSES>
    <JAVADOC />
    <SOURCES />
    <jarDirectory url="file://$PROJECT_DIR$/../../maven/apache-maven-3.8.5-bin/apache-maven-3.8.5/conf/localRepository/zgy/junit" recursive="false" />
  </library>
</component>